[INFO] Scanning for projects...
[INFO] 
[INFO] --------------------< org.sbac:springsecuritybasic >--------------------
[INFO] Building SpringSecurityBasic 1
[INFO]   from pom.xml
[INFO] --------------------------------[ jar ]---------------------------------
[INFO] 
[INFO] >>> spring-boot:3.4.4:run (default-cli) > test-compile @ springsecuritybasic >>>
[INFO] 
[INFO] --- resources:3.3.1:resources (default-resources) @ springsecuritybasic ---
[INFO] Copying 1 resource from src/main/resources to target/classes
[INFO] Copying 0 resource from src/main/resources to target/classes
[INFO] 
[INFO] --- compiler:3.13.0:compile (default-compile) @ springsecuritybasic ---
[INFO] Nothing to compile - all classes are up to date.
[INFO] 
[INFO] --- resources:3.3.1:testResources (default-testResources) @ springsecuritybasic ---
[INFO] skip non existing resourceDirectory /Users/jo/Documents/GitHub/4N6-Mobile/code/SpringBootAccessControl/02-SpringSecurityBasic/src/test/resources
[INFO] 
[INFO] --- compiler:3.13.0:testCompile (default-testCompile) @ springsecuritybasic ---
[INFO] No sources to compile
[INFO] 
[INFO] <<< spring-boot:3.4.4:run (default-cli) < test-compile @ springsecuritybasic <<<
[INFO] 
[INFO] 
[INFO] --- spring-boot:3.4.4:run (default-cli) @ springsecuritybasic ---
[INFO] Attaching agents: []

  .   ____          _            __ _ _
 /\\ / ___'_ __ _ _(_)_ __  __ _ \ \ \ \
( ( )\___ | '_ | '_| | '_ \/ _` | \ \ \ \
 \\/  ___)| |_)| | | | | || (_| |  ) ) ) )
  '  |____| .__|_| |_|_| |_\__, | / / / /
 =========|_|==============|___/=/_/_/_/

 :: Spring Boot ::                (v3.4.4)

2026-02-14T16:52:05.335-05:00  INFO 30804 --- [  restartedMain] org.sbac.ApplicationServeur              : Starting ApplicationServeur using Java 25.0.2 with PID 30804 (/Users/jo/Documents/GitHub/4N6-Mobile/code/SpringBootAccessControl/02-SpringSecurityBasic/target/classes started by jo in /Users/jo/Documents/GitHub/4N6-Mobile/code/SpringBootAccessControl/02-SpringSecurityBasic)
2026-02-14T16:52:05.336-05:00  INFO 30804 --- [  restartedMain] org.sbac.ApplicationServeur              : No active profile set, falling back to 1 default profile: "default"
2026-02-14T16:52:05.360-05:00  INFO 30804 --- [  restartedMain] .e.DevToolsPropertyDefaultsPostProcessor : Devtools property defaults active! Set 'spring.devtools.add-properties' to 'false' to disable
2026-02-14T16:52:05.360-05:00  INFO 30804 --- [  restartedMain] .e.DevToolsPropertyDefaultsPostProcessor : For additional web related logging consider setting the 'logging.level.web' property to 'DEBUG'
2026-02-14T16:52:05.622-05:00  INFO 30804 --- [  restartedMain] .s.d.r.c.RepositoryConfigurationDelegate : Bootstrapping Spring Data JPA repositories in DEFAULT mode.
2026-02-14T16:52:05.647-05:00  INFO 30804 --- [  restartedMain] .s.d.r.c.RepositoryConfigurationDelegate : Finished Spring Data repository scanning in 20 ms. Found 1 JPA repository interface.
2026-02-14T16:52:05.879-05:00  INFO 30804 --- [  restartedMain] o.s.b.w.embedded.tomcat.TomcatWebServer  : Tomcat initialized with port 8080 (http)
2026-02-14T16:52:05.886-05:00  INFO 30804 --- [  restartedMain] o.apache.catalina.core.StandardService   : Starting service [Tomcat]
2026-02-14T16:52:05.886-05:00  INFO 30804 --- [  restartedMain] o.apache.catalina.core.StandardEngine    : Starting Servlet engine: [Apache Tomcat/10.1.39]
2026-02-14T16:52:05.900-05:00  INFO 30804 --- [  restartedMain] o.a.c.c.C.[Tomcat].[localhost].[/]       : Initializing Spring embedded WebApplicationContext
2026-02-14T16:52:05.900-05:00  INFO 30804 --- [  restartedMain] w.s.c.ServletWebServerApplicationContext : Root WebApplicationContext: initialization completed in 540 ms
2026-02-14T16:52:05.952-05:00  INFO 30804 --- [  restartedMain] com.zaxxer.hikari.HikariDataSource       : HikariPool-1 - Starting...
2026-02-14T16:52:06.036-05:00  INFO 30804 --- [  restartedMain] com.zaxxer.hikari.pool.HikariPool        : HikariPool-1 - Added connection conn0: url=jdbc:h2:mem:test user=SA
2026-02-14T16:52:06.036-05:00  INFO 30804 --- [  restartedMain] com.zaxxer.hikari.HikariDataSource       : HikariPool-1 - Start completed.
2026-02-14T16:52:06.058-05:00  INFO 30804 --- [  restartedMain] o.hibernate.jpa.internal.util.LogHelper  : HHH000204: Processing PersistenceUnitInfo [name: default]
2026-02-14T16:52:06.082-05:00  INFO 30804 --- [  restartedMain] org.hibernate.Version                    : HHH000412: Hibernate ORM core version 6.6.11.Final
2026-02-14T16:52:06.095-05:00  INFO 30804 --- [  restartedMain] o.h.c.internal.RegionFactoryInitiator    : HHH000026: Second-level cache disabled
2026-02-14T16:52:06.217-05:00  INFO 30804 --- [  restartedMain] o.s.o.j.p.SpringPersistenceUnitInfo      : No LoadTimeWeaver setup: ignoring JPA class transformer
2026-02-14T16:52:06.254-05:00  INFO 30804 --- [  restartedMain] org.hibernate.orm.connections.pooling    : HHH10001005: Database info:
	Database JDBC URL [Connecting through datasource 'HikariDataSource (HikariPool-1)']
	Database driver: undefined/unknown
	Database version: 2.3.232
	Autocommit mode: undefined/unknown
	Isolation level: undefined/unknown
	Minimum pool size: undefined/unknown
	Maximum pool size: undefined/unknown
2026-02-14T16:52:06.572-05:00  INFO 30804 --- [  restartedMain] o.h.e.t.j.p.i.JtaPlatformInitiator       : HHH000489: No JTA platform available (set 'hibernate.transaction.jta.platform' to enable JTA platform integration)
2026-02-14T16:52:06.582-05:00  INFO 30804 --- [  restartedMain] j.LocalContainerEntityManagerFactoryBean : Initialized JPA EntityManagerFactory for persistence unit 'default'
2026-02-14T16:52:06.723-05:00  WARN 30804 --- [  restartedMain] JpaBaseConfiguration$JpaWebConfiguration : spring.jpa.open-in-view is enabled by default. Therefore, database queries may be performed during view rendering. Explicitly configure spring.jpa.open-in-view to disable this warning
2026-02-14T16:52:06.736-05:00  INFO 30804 --- [  restartedMain] r$InitializeUserDetailsManagerConfigurer : Global AuthenticationManager configured with UserDetailsService bean with name serviceID
2026-02-14T16:52:06.909-05:00  INFO 30804 --- [  restartedMain] o.s.b.a.h2.H2ConsoleAutoConfiguration    : H2 console available at '/h2-console'. Database available at 'jdbc:h2:mem:test'
2026-02-14T16:52:06.945-05:00  INFO 30804 --- [  restartedMain] o.s.b.d.a.OptionalLiveReloadServer       : LiveReload server is running on port 35729
2026-02-14T16:52:06.957-05:00  INFO 30804 --- [  restartedMain] o.s.b.w.embedded.tomcat.TomcatWebServer  : Tomcat started on port 8080 (http) with context path '/'
2026-02-14T16:52:06.961-05:00  INFO 30804 --- [  restartedMain] org.sbac.ApplicationServeur              : Started ApplicationServeur in 1.772 seconds (process running for 1.935)
2026-02-14T16:52:23.760-05:00  INFO 30804 --- [nio-8080-exec-1] o.a.c.c.C.[Tomcat].[localhost].[/]       : Initializing Spring DispatcherServlet 'dispatcherServlet'
2026-02-14T16:52:23.760-05:00  INFO 30804 --- [nio-8080-exec-1] o.s.web.servlet.DispatcherServlet        : Initializing Servlet 'dispatcherServlet'
2026-02-14T16:52:23.761-05:00  INFO 30804 --- [nio-8080-exec-1] o.s.web.servlet.DispatcherServlet        : Completed initialization in 1 ms
ID : demande inscription org.sbac.transfert.ReqConnexion@2df9a6c3
ID : demande de connexion org.sbac.transfert.ReqConnexion@2df9a6c3
Logged as bob
Profil : modifier bio
[INFO] ------------------------------------------------------------------------
[INFO] BUILD FAILURE
[INFO] ------------------------------------------------------------------------
[INFO] Total time:  02:02 min
[INFO] Finished at: 2026-02-14T16:54:06-05:00
[INFO] ------------------------------------------------------------------------
[ERROR] Failed to execute goal org.springframework.boot:spring-boot-maven-plugin:3.4.4:run (default-cli) on project springsecuritybasic: Process terminated with exit code: 137 -> [Help 1]
[ERROR] 
[ERROR] To see the full stack trace of the errors, re-run Maven with the -e switch.
[ERROR] Re-run Maven using the -X switch to enable full debug logging.
[ERROR] 
[ERROR] For more information about the errors and possible solutions, please read the following articles:
[ERROR] [Help 1] http://cwiki.apache.org/confluence/display/MAVEN/MojoExecutionException
